{
"contracts/Raffle.sol":{"l":{"63":3,"64":3,"65":3,"66":3,"67":3,"68":3,"69":3,"70":3,"71":3,"77":0,"78":0,"80":0,"81":0,"83":0,"84":0,"85":0,"87":0,"88":0,"92":0,"115":0,"116":0,"117":0,"118":0,"119":0,"120":0,"130":0,"132":0,"133":0,"139":0,"140":0,"148":0,"165":0,"166":0,"167":0,"168":0,"169":0,"170":0,"171":0,"172":0,"175":0,"177":0,"179":0,"181":0,"182":0,"184":0,"189":1,"193":1,"201":0,"205":1,"209":0,"213":0,"217":0,"221":0,"225":0,"229":1,"233":1,"237":0},"path":"/Users/weslo/Desktop/github-public/blockchain-lotery/contracts/Raffle.sol","s":{"1":3,"2":3,"3":3,"4":3,"5":3,"6":3,"7":3,"8":3,"9":3,"10":0,"11":0,"12":0,"13":0,"14":0,"15":0,"16":0,"17":0,"18":0,"19":0,"20":0,"21":0,"22":0,"23":0,"24":0,"25":0,"26":0,"27":0,"28":0,"29":0,"30":0,"31":0,"32":0,"33":0,"34":0,"35":0,"36":0,"37":0,"38":0,"39":0,"40":0,"41":1,"42":1,"43":0,"44":1,"45":0,"46":0,"47":0,"48":0,"49":0,"50":1,"51":1,"52":0},"b":{"1":[0,0],"2":[0,0],"3":[0,0],"4":[0,0],"5":[0,0],"6":[0,0]},"f":{"1":3,"2":0,"3":0,"4":0,"5":0,"6":1,"7":1,"8":0,"9":1,"10":0,"11":0,"12":0,"13":0,"14":0,"15":1,"16":1,"17":0},"fnMap":{"1":{"name":"constructor","line":62,"loc":{"start":{"line":55,"column":4},"end":{"line":72,"column":4}}},"2":{"name":"enterRaffle","line":74,"loc":{"start":{"line":74,"column":4},"end":{"line":93,"column":4}}},"3":{"name":"checkUpkeep","line":104,"loc":{"start":{"line":104,"column":4},"end":{"line":121,"column":4}}},"4":{"name":"performUpkeep","line":127,"loc":{"start":{"line":127,"column":4},"end":{"line":149,"column":4}}},"5":{"name":"fulfillRandomWords","line":155,"loc":{"start":{"line":155,"column":4},"end":{"line":185,"column":4}}},"6":{"name":"getGasLane","line":188,"loc":{"start":{"line":188,"column":4},"end":{"line":190,"column":4}}},"7":{"name":"getCallbackGasLimit","line":192,"loc":{"start":{"line":192,"column":4},"end":{"line":194,"column":4}}},"8":{"name":"getAddressToAmountFunded","line":196,"loc":{"start":{"line":196,"column":4},"end":{"line":202,"column":4}}},"9":{"name":"getRaffleState","line":204,"loc":{"start":{"line":204,"column":4},"end":{"line":206,"column":4}}},"10":{"name":"getNumWords","line":208,"loc":{"start":{"line":208,"column":4},"end":{"line":210,"column":4}}},"11":{"name":"getRequestConfirmations","line":212,"loc":{"start":{"line":212,"column":4},"end":{"line":214,"column":4}}},"12":{"name":"getRecentWinner","line":216,"loc":{"start":{"line":216,"column":4},"end":{"line":218,"column":4}}},"13":{"name":"getPlayer","line":220,"loc":{"start":{"line":220,"column":4},"end":{"line":222,"column":4}}},"14":{"name":"getLastTimeStamp","line":224,"loc":{"start":{"line":224,"column":4},"end":{"line":226,"column":4}}},"15":{"name":"getInterval","line":228,"loc":{"start":{"line":228,"column":4},"end":{"line":230,"column":4}}},"16":{"name":"getEntranceFee","line":232,"loc":{"start":{"line":232,"column":4},"end":{"line":234,"column":4}}},"17":{"name":"getNumberOfPlayers","line":236,"loc":{"start":{"line":236,"column":4},"end":{"line":238,"column":4}}}},"statementMap":{"1":{"start":{"line":63,"column":8},"end":{"line":63,"column":69}},"2":{"start":{"line":64,"column":8},"end":{"line":64,"column":26}},"3":{"start":{"line":65,"column":8},"end":{"line":65,"column":28}},"4":{"start":{"line":66,"column":8},"end":{"line":66,"column":40}},"5":{"start":{"line":67,"column":8},"end":{"line":67,"column":34}},"6":{"start":{"line":68,"column":8},"end":{"line":68,"column":39}},"7":{"start":{"line":69,"column":8},"end":{"line":69,"column":40}},"8":{"start":{"line":70,"column":8},"end":{"line":70,"column":44}},"9":{"start":{"line":71,"column":8},"end":{"line":71,"column":27}},"10":{"start":{"line":77,"column":8},"end":{"line":77,"column":2630}},"11":{"start":{"line":80,"column":8},"end":{"line":80,"column":2733}},"12":{"start":{"line":83,"column":8},"end":{"line":83,"column":54}},"13":{"start":{"line":84,"column":8},"end":{"line":84,"column":42}},"14":{"start":{"line":85,"column":8},"end":{"line":85,"column":66}},"15":{"start":{"line":87,"column":8},"end":{"line":87,"column":3007}},"16":{"start":{"line":92,"column":8},"end":{"line":92,"column":36}},"17":{"start":{"line":115,"column":8},"end":{"line":115,"column":55}},"18":{"start":{"line":116,"column":8},"end":{"line":116,"column":76}},"19":{"start":{"line":117,"column":8},"end":{"line":117,"column":46}},"20":{"start":{"line":118,"column":8},"end":{"line":118,"column":51}},"21":{"start":{"line":119,"column":8},"end":{"line":119,"column":72}},"22":{"start":{"line":120,"column":8},"end":{"line":120,"column":36}},"23":{"start":{"line":130,"column":8},"end":{"line":130,"column":47}},"24":{"start":{"line":132,"column":8},"end":{"line":132,"column":4602}},"25":{"start":{"line":139,"column":8},"end":{"line":139,"column":46}},"26":{"start":{"line":140,"column":8},"end":{"line":140,"column":4862}},"27":{"start":{"line":148,"column":8},"end":{"line":148,"column":45}},"28":{"start":{"line":165,"column":8},"end":{"line":165,"column":65}},"29":{"start":{"line":166,"column":8},"end":{"line":166,"column":63}},"30":{"start":{"line":167,"column":8},"end":{"line":167,"column":22}},"31":{"start":{"line":168,"column":8},"end":{"line":168,"column":36}},"32":{"start":{"line":169,"column":8},"end":{"line":169,"column":43}},"33":{"start":{"line":170,"column":8},"end":{"line":170,"column":39}},"34":{"start":{"line":171,"column":8},"end":{"line":171,"column":40}},"35":{"start":{"line":172,"column":8},"end":{"line":172,"column":5932}},"36":{"start":{"line":175,"column":12},"end":{"line":175,"column":62}},"37":{"start":{"line":177,"column":12},"end":{"line":177,"column":41}},"38":{"start":{"line":179,"column":8},"end":{"line":179,"column":63}},"39":{"start":{"line":181,"column":8},"end":{"line":181,"column":6286}},"40":{"start":{"line":184,"column":8},"end":{"line":184,"column":39}},"41":{"start":{"line":189,"column":8},"end":{"line":189,"column":24}},"42":{"start":{"line":193,"column":8},"end":{"line":193,"column":33}},"43":{"start":{"line":201,"column":8},"end":{"line":201,"column":46}},"44":{"start":{"line":205,"column":8},"end":{"line":205,"column":28}},"45":{"start":{"line":209,"column":8},"end":{"line":209,"column":24}},"46":{"start":{"line":213,"column":8},"end":{"line":213,"column":36}},"47":{"start":{"line":217,"column":8},"end":{"line":217,"column":29}},"48":{"start":{"line":221,"column":8},"end":{"line":221,"column":31}},"49":{"start":{"line":225,"column":8},"end":{"line":225,"column":30}},"50":{"start":{"line":229,"column":8},"end":{"line":229,"column":25}},"51":{"start":{"line":233,"column":8},"end":{"line":233,"column":28}},"52":{"start":{"line":237,"column":8},"end":{"line":237,"column":31}}},"branchMap":{"1":{"line":77,"type":"if","locations":[{"start":{"line":77,"column":8},"end":{"line":77,"column":8}},{"start":{"line":77,"column":8},"end":{"line":77,"column":8}}]},"2":{"line":80,"type":"if","locations":[{"start":{"line":80,"column":8},"end":{"line":80,"column":8}},{"start":{"line":80,"column":8},"end":{"line":80,"column":8}}]},"3":{"line":87,"type":"if","locations":[{"start":{"line":87,"column":8},"end":{"line":87,"column":8}},{"start":{"line":87,"column":8},"end":{"line":87,"column":8}}]},"4":{"line":132,"type":"if","locations":[{"start":{"line":132,"column":8},"end":{"line":132,"column":8}},{"start":{"line":132,"column":8},"end":{"line":132,"column":8}}]},"5":{"line":172,"type":"if","locations":[{"start":{"line":172,"column":8},"end":{"line":172,"column":8}},{"start":{"line":172,"column":8},"end":{"line":172,"column":8}}]},"6":{"line":181,"type":"if","locations":[{"start":{"line":181,"column":8},"end":{"line":181,"column":8}},{"start":{"line":181,"column":8},"end":{"line":181,"column":8}}]}}},
"contracts/test/VRFCoordinatorV2Mock.sol":{"l":{},"path":"/Users/weslo/Desktop/github-public/blockchain-lotery/contracts/test/VRFCoordinatorV2Mock.sol","s":{},"b":{},"f":{},"fnMap":{},"statementMap":{},"branchMap":{}}}
