TN:
SF:/Users/weslo/Desktop/github-public/blockchain-lotery/contracts/Raffle.sol
FN:62,constructor
FN:74,enterRaffle
FN:104,checkUpkeep
FN:127,performUpkeep
FN:155,fulfillRandomWords
FN:188,getGasLane
FN:192,getCallbackGasLimit
FN:196,getAddressToAmountFunded
FN:204,getRaffleState
FN:208,getNumWords
FN:212,getRequestConfirmations
FN:216,getRecentWinner
FN:220,getPlayer
FN:224,getLastTimeStamp
FN:228,getInterval
FN:232,getEntranceFee
FN:236,getNumberOfPlayers
FNF:17
FNH:6
FNDA:3,constructor
FNDA:0,enterRaffle
FNDA:0,checkUpkeep
FNDA:0,performUpkeep
FNDA:0,fulfillRandomWords
FNDA:1,getGasLane
FNDA:1,getCallbackGasLimit
FNDA:0,getAddressToAmountFunded
FNDA:1,getRaffleState
FNDA:0,getNumWords
FNDA:0,getRequestConfirmations
FNDA:0,getRecentWinner
FNDA:0,getPlayer
FNDA:0,getLastTimeStamp
FNDA:1,getInterval
FNDA:1,getEntranceFee
FNDA:0,getNumberOfPlayers
DA:63,3
DA:64,3
DA:65,3
DA:66,3
DA:67,3
DA:68,3
DA:69,3
DA:70,3
DA:71,3
DA:77,0
DA:78,0
DA:80,0
DA:81,0
DA:83,0
DA:84,0
DA:85,0
DA:87,0
DA:88,0
DA:92,0
DA:115,0
DA:116,0
DA:117,0
DA:118,0
DA:119,0
DA:120,0
DA:130,0
DA:132,0
DA:133,0
DA:139,0
DA:140,0
DA:148,0
DA:165,0
DA:166,0
DA:167,0
DA:168,0
DA:169,0
DA:170,0
DA:171,0
DA:172,0
DA:175,0
DA:177,0
DA:179,0
DA:181,0
DA:182,0
DA:184,0
DA:189,1
DA:193,1
DA:201,0
DA:205,1
DA:209,0
DA:213,0
DA:217,0
DA:221,0
DA:225,0
DA:229,1
DA:233,1
DA:237,0
LF:57
LH:14
BRDA:77,1,0,0
BRDA:77,1,1,0
BRDA:80,2,0,0
BRDA:80,2,1,0
BRDA:87,3,0,0
BRDA:87,3,1,0
BRDA:132,4,0,0
BRDA:132,4,1,0
BRDA:172,5,0,0
BRDA:172,5,1,0
BRDA:181,6,0,0
BRDA:181,6,1,0
BRF:12
BRH:0
end_of_record
TN:
SF:/Users/weslo/Desktop/github-public/blockchain-lotery/contracts/test/VRFCoordinatorV2Mock.sol
FNF:0
FNH:0
LF:0
LH:0
BRF:0
BRH:0
end_of_record
